<?xml version="1.0" encoding="UTF-8"?>
<robot generator="Robot 7.3.2 (Python 3.11.9 on win32)" generated="2025-12-02T16:49:24.311001" rpa="false" schemaversion="5">
<suite id="s1" name="Inventory Tests" source="C:\Users\felip\OneDrive\Documentos\Escritorio\fguzman\proyectos\robot-framework\tests\inventory\inventory_tests.robot">
<kw name="Suite Setup Inventory" type="SETUP">
<kw name="Abrir Navegador Una Vez" owner="Navegador">
<kw name="Evaluate" owner="BuiltIn">
<msg time="2025-12-02T16:49:24.566812" level="INFO">${chrome_options} = &lt;selenium.webdriver.chrome.options.Options object at 0x000002960CFF8310&gt;</msg>
<var>${chrome_options}</var>
<arg>sys.modules['selenium.webdriver'].ChromeOptions()</arg>
<arg>sys, selenium.webdriver</arg>
<doc>Evaluates the given expression in Python and returns the result.</doc>
<status status="PASS" start="2025-12-02T16:49:24.566812" elapsed="0.000000"/>
</kw>
<kw name="Call Method" owner="BuiltIn">
<arg>${chrome_options}</arg>
<arg>add_argument</arg>
<arg>--incognito</arg>
<doc>Calls the named method of the given object with the provided arguments.</doc>
<status status="PASS" start="2025-12-02T16:49:24.566812" elapsed="0.000000"/>
</kw>
<kw name="Call Method" owner="BuiltIn">
<arg>${chrome_options}</arg>
<arg>add_argument</arg>
<arg>--disable-save-password-bubble</arg>
<doc>Calls the named method of the given object with the provided arguments.</doc>
<status status="PASS" start="2025-12-02T16:49:24.566812" elapsed="0.000000"/>
</kw>
<kw name="Call Method" owner="BuiltIn">
<arg>${chrome_options}</arg>
<arg>add_argument</arg>
<arg>--disable-extensions</arg>
<doc>Calls the named method of the given object with the provided arguments.</doc>
<status status="PASS" start="2025-12-02T16:49:24.567812" elapsed="0.000000"/>
</kw>
<kw name="Call Method" owner="BuiltIn">
<arg>${chrome_options}</arg>
<arg>add_argument</arg>
<arg>--disable-infobars</arg>
<doc>Calls the named method of the given object with the provided arguments.</doc>
<status status="PASS" start="2025-12-02T16:49:24.567812" elapsed="0.000000"/>
</kw>
<kw name="Call Method" owner="BuiltIn">
<arg>${chrome_options}</arg>
<arg>add_argument</arg>
<arg>--disable-notifications</arg>
<doc>Calls the named method of the given object with the provided arguments.</doc>
<status status="PASS" start="2025-12-02T16:49:24.567812" elapsed="0.000000"/>
</kw>
<kw name="Call Method" owner="BuiltIn">
<arg>${chrome_options}</arg>
<arg>add_argument</arg>
<arg>--no-first-run</arg>
<doc>Calls the named method of the given object with the provided arguments.</doc>
<status status="PASS" start="2025-12-02T16:49:24.567812" elapsed="0.000000"/>
</kw>
<kw name="Open Browser" owner="SeleniumLibrary">
<msg time="2025-12-02T16:49:24.567812" level="INFO">Opening browser 'chrome' to base url 'https://www.saucedemo.com/'.</msg>
<arg>${BASE_URL}</arg>
<arg>chrome</arg>
<arg>options=${chrome_options}</arg>
<doc>Opens a new browser instance to the optional ``url``.</doc>
<status status="PASS" start="2025-12-02T16:49:24.567812" elapsed="2.028527"/>
</kw>
<kw name="Maximize Browser Window" owner="SeleniumLibrary">
<doc>Maximizes current browser window.</doc>
<status status="PASS" start="2025-12-02T16:49:26.596339" elapsed="0.029082"/>
</kw>
<status status="PASS" start="2025-12-02T16:49:24.565809" elapsed="2.059612"/>
</kw>
<kw name="Realizar Login Exitoso" owner="LoginFlow">
<kw name="Abrir Página De Login" owner="LoginPage">
<kw name="Go To" owner="SeleniumLibrary">
<msg time="2025-12-02T16:49:26.625421" level="INFO">Opening url 'https://www.saucedemo.com/'</msg>
<arg>${LOGIN_URL}</arg>
<doc>Navigates the current browser window to the provided ``url``.</doc>
<status status="PASS" start="2025-12-02T16:49:26.625421" elapsed="0.053898"/>
</kw>
<kw name="Esperar Que La Página De Login Esté Lista" owner="LoginPage">
<kw name="Wait Until Element Is Visible" owner="SeleniumLibrary">
<arg>${USERNAME_FIELD}</arg>
<doc>Waits until the element ``locator`` is visible.</doc>
<status status="PASS" start="2025-12-02T16:49:26.679319" elapsed="0.021177"/>
</kw>
<kw name="Wait Until Element Is Visible" owner="SeleniumLibrary">
<arg>${PASSWORD_FIELD}</arg>
<doc>Waits until the element ``locator`` is visible.</doc>
<status status="PASS" start="2025-12-02T16:49:26.701496" elapsed="0.009715"/>
</kw>
<kw name="Wait Until Element Is Visible" owner="SeleniumLibrary">
<arg>${LOGIN_BUTTON}</arg>
<doc>Waits until the element ``locator`` is visible.</doc>
<status status="PASS" start="2025-12-02T16:49:26.711211" elapsed="0.009005"/>
</kw>
<status status="PASS" start="2025-12-02T16:49:26.679319" elapsed="0.040897"/>
</kw>
<status status="PASS" start="2025-12-02T16:49:26.625421" elapsed="0.094795"/>
</kw>
<kw name="Ingresar Usuario" owner="LoginPage">
<kw name="Wait Until Element Is Visible" owner="SeleniumLibrary">
<arg>${USERNAME_FIELD}</arg>
<doc>Waits until the element ``locator`` is visible.</doc>
<status status="PASS" start="2025-12-02T16:49:26.721213" elapsed="0.006998"/>
</kw>
<kw name="Input Text" owner="SeleniumLibrary">
<msg time="2025-12-02T16:49:26.728211" level="INFO">Typing text 'standard_user' into text field 'id=user-name'.</msg>
<arg>${USERNAME_FIELD}</arg>
<arg>${usuario}</arg>
<doc>Types the given ``text`` into the text field identified by ``locator``.</doc>
<status status="PASS" start="2025-12-02T16:49:26.728211" elapsed="0.079681"/>
</kw>
<arg>${usuario}</arg>
<status status="PASS" start="2025-12-02T16:49:26.720216" elapsed="0.087676"/>
</kw>
<kw name="Ingresar Contraseña" owner="LoginPage">
<kw name="Wait Until Element Is Visible" owner="SeleniumLibrary">
<arg>${PASSWORD_FIELD}</arg>
<doc>Waits until the element ``locator`` is visible.</doc>
<status status="PASS" start="2025-12-02T16:49:26.808925" elapsed="0.007461"/>
</kw>
<kw name="Input Text" owner="SeleniumLibrary">
<msg time="2025-12-02T16:49:26.816386" level="INFO">Typing text 'secret_sauce' into text field 'id=password'.</msg>
<arg>${PASSWORD_FIELD}</arg>
<arg>${password}</arg>
<doc>Types the given ``text`` into the text field identified by ``locator``.</doc>
<status status="PASS" start="2025-12-02T16:49:26.816386" elapsed="0.041700"/>
</kw>
<arg>${password}</arg>
<status status="PASS" start="2025-12-02T16:49:26.808925" elapsed="0.050161"/>
</kw>
<kw name="Hacer Click En Login" owner="LoginPage">
<kw name="Wait Until Element Is Visible" owner="SeleniumLibrary">
<arg>${LOGIN_BUTTON}</arg>
<doc>Waits until the element ``locator`` is visible.</doc>
<status status="PASS" start="2025-12-02T16:49:26.859086" elapsed="0.007006"/>
</kw>
<kw name="Click Button" owner="SeleniumLibrary">
<msg time="2025-12-02T16:49:26.867091" level="INFO">Clicking button 'id=login-button'.</msg>
<arg>${LOGIN_BUTTON}</arg>
<doc>Clicks the button identified by ``locator``.</doc>
<status status="PASS" start="2025-12-02T16:49:26.867091" elapsed="0.058315"/>
</kw>
<kw name="Sleep" owner="BuiltIn">
<msg time="2025-12-02T16:49:31.925445" level="INFO">Slept 5 seconds.</msg>
<arg>5s</arg>
<doc>Pauses the test executed for the given time.</doc>
<status status="PASS" start="2025-12-02T16:49:26.925406" elapsed="5.000039"/>
</kw>
<status status="PASS" start="2025-12-02T16:49:26.859086" elapsed="5.066359"/>
</kw>
<kw name="Esperar Que Inventory Esté Lista" owner="InventoryPage">
<kw name="Wait Until Element Is Visible" owner="SeleniumLibrary">
<arg>${INVENTORY_TITLE}</arg>
<doc>Waits until the element ``locator`` is visible.</doc>
<status status="PASS" start="2025-12-02T16:49:31.925445" elapsed="0.010933"/>
</kw>
<kw name="Element Text Should Be" owner="SeleniumLibrary">
<msg time="2025-12-02T16:49:31.937194" level="INFO">Verifying element 'css=.title' contains exact text 'Products'.</msg>
<arg>${INVENTORY_TITLE}</arg>
<arg>Products</arg>
<doc>Verifies that element ``locator`` contains exact the text ``expected``.</doc>
<status status="PASS" start="2025-12-02T16:49:31.936378" elapsed="0.000816"/>
</kw>
<status status="PASS" start="2025-12-02T16:49:31.925445" elapsed="0.011749"/>
</kw>
<kw name="Capturar Pantalla Manual" owner="Navegador">
<kw name="Run Keyword If" owner="BuiltIn">
<kw name="Capture Page Screenshot" owner="SeleniumLibrary">
<msg time="2025-12-02T16:49:32.147854" level="INFO" html="true">&lt;/td&gt;&lt;/tr&gt;&lt;tr&gt;&lt;td colspan="3"&gt;&lt;a href="login_exitoso.png"&gt;&lt;img src="login_exitoso.png" width="800px"&gt;&lt;/a&gt;</msg>
<arg>${nombre}</arg>
<doc>Takes a screenshot of the current page and embeds it into a log file.</doc>
<status status="PASS" start="2025-12-02T16:49:31.937194" elapsed="0.210660"/>
</kw>
<arg>'${nombre}' == 'None'</arg>
<arg>Capture Page Screenshot</arg>
<arg>ELSE</arg>
<arg>Capture Page Screenshot</arg>
<arg>${nombre}</arg>
<doc>Runs the given keyword with the given arguments, if ``condition`` is true.</doc>
<status status="PASS" start="2025-12-02T16:49:31.937194" elapsed="0.210660"/>
</kw>
<arg>login_exitoso.png</arg>
<status status="PASS" start="2025-12-02T16:49:31.937194" elapsed="0.210660"/>
</kw>
<arg>${USUARIO_VALIDO}</arg>
<arg>${PASSWORD_VALIDA}</arg>
<status status="PASS" start="2025-12-02T16:49:26.625421" elapsed="5.522433"/>
</kw>
<status status="PASS" start="2025-12-02T16:49:24.565809" elapsed="7.582045"/>
</kw>
<test id="s1-t1" name="Agregar Productos Y Validar Badge" line="17">
<kw name="Agregar Productos" owner="InventoryFlow">
<kw name="Agregar Primeros Tres Productos Al Carrito" owner="InventoryPage">
<kw name="Wait Until Element Is Visible" owner="SeleniumLibrary">
<arg>${ADD_TO_CART_BUTTONS}[0]</arg>
<doc>Waits until the element ``locator`` is visible.</doc>
<status status="PASS" start="2025-12-02T16:49:32.147854" elapsed="0.014805"/>
</kw>
<kw name="Click Element" owner="SeleniumLibrary">
<msg time="2025-12-02T16:49:32.163660" level="INFO">Clicking element 'css=button[data-test="add-to-cart-sauce-labs-backpack"]'.</msg>
<arg>${ADD_TO_CART_BUTTONS}[0]</arg>
<doc>Click the element identified by ``locator``.</doc>
<status status="PASS" start="2025-12-02T16:49:32.163660" elapsed="0.035706"/>
</kw>
<kw name="Wait Until Element Is Visible" owner="SeleniumLibrary">
<arg>${ADD_TO_CART_BUTTONS}[1]</arg>
<doc>Waits until the element ``locator`` is visible.</doc>
<status status="PASS" start="2025-12-02T16:49:32.200366" elapsed="0.009997"/>
</kw>
<kw name="Click Element" owner="SeleniumLibrary">
<msg time="2025-12-02T16:49:32.211365" level="INFO">Clicking element 'css=button[data-test="add-to-cart-sauce-labs-bike-light"]'.</msg>
<arg>${ADD_TO_CART_BUTTONS}[1]</arg>
<doc>Click the element identified by ``locator``.</doc>
<status status="PASS" start="2025-12-02T16:49:32.210363" elapsed="0.026493"/>
</kw>
<kw name="Wait Until Element Is Visible" owner="SeleniumLibrary">
<arg>${ADD_TO_CART_BUTTONS}[2]</arg>
<doc>Waits until the element ``locator`` is visible.</doc>
<status status="PASS" start="2025-12-02T16:49:32.236856" elapsed="0.007144"/>
</kw>
<kw name="Click Element" owner="SeleniumLibrary">
<msg time="2025-12-02T16:49:32.244000" level="INFO">Clicking element 'css=button[data-test="add-to-cart-sauce-labs-bolt-t-shirt"]'.</msg>
<arg>${ADD_TO_CART_BUTTONS}[2]</arg>
<doc>Click the element identified by ``locator``.</doc>
<status status="PASS" start="2025-12-02T16:49:32.244000" elapsed="0.036179"/>
</kw>
<status status="PASS" start="2025-12-02T16:49:32.147854" elapsed="0.132325"/>
</kw>
<kw name="Log To Console" owner="BuiltIn">
<arg>✅ Se agregaron los 3 productos al carrito</arg>
<doc>Logs the given message to the console.</doc>
<status status="PASS" start="2025-12-02T16:49:32.280179" elapsed="0.000000"/>
</kw>
<kw name="Validar Cantidad En Carrito" owner="InventoryPage">
<kw name="Wait Until Element Is Visible" owner="SeleniumLibrary">
<arg>${CART_BADGE}</arg>
<doc>Waits until the element ``locator`` is visible.</doc>
<status status="PASS" start="2025-12-02T16:49:32.280179" elapsed="0.011093"/>
</kw>
<kw name="Element Text Should Be" owner="SeleniumLibrary">
<msg time="2025-12-02T16:49:32.291272" level="INFO">Verifying element 'css=span.shopping_cart_badge' contains exact text '3'.</msg>
<arg>${CART_BADGE}</arg>
<arg>${cantidad_esperada}</arg>
<doc>Verifies that element ``locator`` contains exact the text ``expected``.</doc>
<status status="PASS" start="2025-12-02T16:49:32.291272" elapsed="0.007995"/>
</kw>
<arg>3</arg>
<status status="PASS" start="2025-12-02T16:49:32.280179" elapsed="0.019088"/>
</kw>
<kw name="Log To Console" owner="BuiltIn">
<arg>✅ Validación exitosa: Badge del carrito muestra "3"</arg>
<doc>Logs the given message to the console.</doc>
<status status="PASS" start="2025-12-02T16:49:32.299267" elapsed="0.000000"/>
</kw>
<kw name="Capturar Pantalla Manual" owner="Navegador">
<kw name="Run Keyword If" owner="BuiltIn">
<kw name="Capture Page Screenshot" owner="SeleniumLibrary">
<msg time="2025-12-02T16:49:32.483335" level="INFO" html="true">&lt;/td&gt;&lt;/tr&gt;&lt;tr&gt;&lt;td colspan="3"&gt;&lt;a href="productos_agregados.png"&gt;&lt;img src="productos_agregados.png" width="800px"&gt;&lt;/a&gt;</msg>
<arg>${nombre}</arg>
<doc>Takes a screenshot of the current page and embeds it into a log file.</doc>
<status status="PASS" start="2025-12-02T16:49:32.300268" elapsed="0.183067"/>
</kw>
<arg>'${nombre}' == 'None'</arg>
<arg>Capture Page Screenshot</arg>
<arg>ELSE</arg>
<arg>Capture Page Screenshot</arg>
<arg>${nombre}</arg>
<doc>Runs the given keyword with the given arguments, if ``condition`` is true.</doc>
<status status="PASS" start="2025-12-02T16:49:32.300268" elapsed="0.183067"/>
</kw>
<arg>productos_agregados.png</arg>
<status status="PASS" start="2025-12-02T16:49:32.299267" elapsed="0.184068"/>
</kw>
<status status="PASS" start="2025-12-02T16:49:32.147854" elapsed="0.335481"/>
</kw>
<kw name="Ir Al Carrito Y Validar" owner="InventoryFlow">
<kw name="Abrir Carrito" owner="InventoryPage">
<kw name="Log To Console" owner="BuiltIn">
<arg>🛒 Abriendo carrito de compras...</arg>
<doc>Logs the given message to the console.</doc>
<status status="PASS" start="2025-12-02T16:49:32.485340" elapsed="0.000000"/>
</kw>
<kw name="Wait Until Element Is Visible" owner="SeleniumLibrary">
<arg>${CART_ICON}</arg>
<doc>Waits until the element ``locator`` is visible.</doc>
<status status="PASS" start="2025-12-02T16:49:32.485340" elapsed="0.011543"/>
</kw>
<kw name="Click Element" owner="SeleniumLibrary">
<msg time="2025-12-02T16:49:32.497886" level="INFO">Clicking element 'css=a.shopping_cart_link'.</msg>
<arg>${CART_ICON}</arg>
<doc>Click the element identified by ``locator``.</doc>
<status status="PASS" start="2025-12-02T16:49:32.497886" elapsed="0.042030"/>
</kw>
<kw name="Log To Console" owner="BuiltIn">
<arg>✅ Carrito abierto exitosamente</arg>
<doc>Logs the given message to the console.</doc>
<status status="PASS" start="2025-12-02T16:49:32.539916" elapsed="0.000993"/>
</kw>
<status status="PASS" start="2025-12-02T16:49:32.485340" elapsed="0.055569"/>
</kw>
<kw name="Validar Que Cart Esté Lista" owner="CartPage">
<kw name="Log To Console" owner="BuiltIn">
<arg>🛒 Validando página del carrito...</arg>
<doc>Logs the given message to the console.</doc>
<status status="PASS" start="2025-12-02T16:49:32.540909" elapsed="0.000000"/>
</kw>
<kw name="Wait Until Element Is Visible" owner="SeleniumLibrary">
<arg>${CART_TITLE}</arg>
<doc>Waits until the element ``locator`` is visible.</doc>
<status status="PASS" start="2025-12-02T16:49:32.540909" elapsed="0.011000"/>
</kw>
<kw name="Element Text Should Be" owner="SeleniumLibrary">
<msg time="2025-12-02T16:49:32.552911" level="INFO">Verifying element 'css=span[data-test="title"]' contains exact text 'Your Cart'.</msg>
<arg>${CART_TITLE}</arg>
<arg>Your Cart</arg>
<doc>Verifies that element ``locator`` contains exact the text ``expected``.</doc>
<status status="PASS" start="2025-12-02T16:49:32.551909" elapsed="0.010039"/>
</kw>
<kw name="Wait Until Element Is Visible" owner="SeleniumLibrary">
<arg>${CHECKOUT_BUTTON}</arg>
<doc>Waits until the element ``locator`` is visible.</doc>
<status status="PASS" start="2025-12-02T16:49:32.561948" elapsed="0.011625"/>
</kw>
<kw name="Element Should Be Enabled" owner="SeleniumLibrary">
<arg>${CHECKOUT_BUTTON}</arg>
<doc>Verifies that element identified by ``locator`` is enabled.</doc>
<status status="PASS" start="2025-12-02T16:49:32.574572" elapsed="0.009997"/>
</kw>
<kw name="Log To Console" owner="BuiltIn">
<arg>✅ Página del carrito lista - Título y botón Checkout validados</arg>
<doc>Logs the given message to the console.</doc>
<status status="PASS" start="2025-12-02T16:49:32.585570" elapsed="0.000000"/>
</kw>
<status status="PASS" start="2025-12-02T16:49:32.540909" elapsed="0.044661"/>
</kw>
<kw name="Capturar Pantalla Manual" owner="Navegador">
<kw name="Run Keyword If" owner="BuiltIn">
<kw name="Capture Page Screenshot" owner="SeleniumLibrary">
<msg time="2025-12-02T16:49:32.738910" level="INFO" html="true">&lt;/td&gt;&lt;/tr&gt;&lt;tr&gt;&lt;td colspan="3"&gt;&lt;a href="carrito_abierto.png"&gt;&lt;img src="carrito_abierto.png" width="800px"&gt;&lt;/a&gt;</msg>
<arg>${nombre}</arg>
<doc>Takes a screenshot of the current page and embeds it into a log file.</doc>
<status status="PASS" start="2025-12-02T16:49:32.586569" elapsed="0.152341"/>
</kw>
<arg>'${nombre}' == 'None'</arg>
<arg>Capture Page Screenshot</arg>
<arg>ELSE</arg>
<arg>Capture Page Screenshot</arg>
<arg>${nombre}</arg>
<doc>Runs the given keyword with the given arguments, if ``condition`` is true.</doc>
<status status="PASS" start="2025-12-02T16:49:32.586569" elapsed="0.152341"/>
</kw>
<arg>carrito_abierto.png</arg>
<status status="PASS" start="2025-12-02T16:49:32.585570" elapsed="0.153340"/>
</kw>
<status status="PASS" start="2025-12-02T16:49:32.483335" elapsed="0.255575"/>
</kw>
<kw name="Sleep" owner="BuiltIn">
<msg time="2025-12-02T16:49:37.739305" level="INFO">Slept 5 seconds.</msg>
<arg>5s</arg>
<doc>Pauses the test executed for the given time.</doc>
<status status="PASS" start="2025-12-02T16:49:32.738910" elapsed="5.000395"/>
</kw>
<status status="PASS" start="2025-12-02T16:49:32.147854" elapsed="5.591451"/>
</test>
<kw name="Cerrar Navegador" owner="Navegador" type="TEARDOWN">
<kw name="Close Browser" owner="SeleniumLibrary">
<doc>Closes the current browser.</doc>
<status status="PASS" start="2025-12-02T16:49:37.741318" elapsed="2.100413"/>
</kw>
<status status="PASS" start="2025-12-02T16:49:37.740315" elapsed="2.101416"/>
</kw>
<status status="PASS" start="2025-12-02T16:49:24.313000" elapsed="15.528731"/>
</suite>
<statistics>
<total>
<stat pass="1" fail="0" skip="0">All Tests</stat>
</total>
<tag>
</tag>
<suite>
<stat name="Inventory Tests" id="s1" pass="1" fail="0" skip="0">Inventory Tests</stat>
</suite>
</statistics>
<errors>
</errors>
</robot>
